<?xml version="1.0" encoding="UTF-8"?>
<!-- Generated by org.testng.reporters.JUnitXMLReporter -->
<testsuite hostname="NURUL-PC" ignored="0" name="Default test" tests="3" failures="0" timestamp="14 May 2018 02:18:41 GMT" time="0.347" errors="0">
  <testcase name="@BeforeTest verifylaunch" time="0.0" classname="com.ranford1.RanfordBank.Textexecution">
    <failure type="org.testng.TestNGException" message="
Parameter &amp;apos;browser&amp;apos; is required by BeforeTest on method verifylaunch but has not been marked @Optional or defined
in C:\Users\NURUL\AppData\Local\Temp\testng-eclipse--1243001781\testng-customsuite.xml">
      <![CDATA[org.testng.TestNGException: 
Parameter 'browser' is required by BeforeTest on method verifylaunch but has not been marked @Optional or defined
in C:\Users\NURUL\AppData\Local\Temp\testng-eclipse--1243001781\testng-customsuite.xml
	at org.testng.internal.Parameters.createParameters(Parameters.java:199)
	at org.testng.internal.Parameters.createParameters(Parameters.java:443)
	at org.testng.internal.Parameters.createConfigurationParameters(Parameters.java:118)
	at org.testng.internal.Invoker.invokeConfigurations(Invoker.java:203)
	at org.testng.internal.Invoker.invokeConfigurations(Invoker.java:144)
	at org.testng.TestRunner.beforeRun(TestRunner.java:634)
	at org.testng.TestRunner.run(TestRunner.java:602)
	at org.testng.SuiteRunner.runTest(SuiteRunner.java:387)
	at org.testng.SuiteRunner.runSequentially(SuiteRunner.java:382)
	at org.testng.SuiteRunner.privateRun(SuiteRunner.java:340)
	at org.testng.SuiteRunner.run(SuiteRunner.java:289)
	at org.testng.SuiteRunnerWorker.runSuite(SuiteRunnerWorker.java:52)
	at org.testng.SuiteRunnerWorker.run(SuiteRunnerWorker.java:86)
	at org.testng.TestNG.runSuitesSequentially(TestNG.java:1293)
	at org.testng.TestNG.runSuitesLocally(TestNG.java:1218)
	at org.testng.TestNG.runSuites(TestNG.java:1133)
	at org.testng.TestNG.run(TestNG.java:1104)
	at org.testng.remote.AbstractRemoteTestNG.run(AbstractRemoteTestNG.java:114)
	at org.testng.remote.RemoteTestNG.initAndRun(RemoteTestNG.java:251)
	at org.testng.remote.RemoteTestNG.main(RemoteTestNG.java:77)
]]>
    </failure>
  </testcase> <!-- @BeforeTest verifylaunch -->
  <testcase name="verifylogin" time="0.039" classname="com.ranford1.RanfordBank.Textexecution">
    <skipped/>
  </testcase> <!-- verifylogin -->
  <testcase name="verify_webtable1" time="0.004" classname="com.ranford1.RanfordBank.Textexecution">
    <skipped/>
  </testcase> <!-- verify_webtable1 -->
  <testcase name="verifybranches" time="0.003" classname="com.ranford1.RanfordBank.Textexecution">
    <skipped/>
  </testcase> <!-- verifybranches -->
</testsuite> <!-- Default test -->
